{"name": "Проверка возможности оформления заказа авторизованным пользователем", "status": "broken", "statusDetails": {"message": "Exception: Order ID did not update from \"9999\" within 10 seconds.", "trace": "self = <tests.test_main_page.TestMainPage object at 0x0000025053596190>, pages = <pages.UIWorkerWeb object at 0x0000025053573C50>, login_user = <pages.UIWorkerWeb object at 0x0000025053573C50>\n\n    @allure.title('Проверка возможности оформления заказа авторизованным пользователем')\n    def test_successful_order(self, pages, login_user):\n        pages.add_ingredient_to_order()\n        pages.click_confirm_button()\n>       order_id = pages.get_order_id()\n                   ^^^^^^^^^^^^^^^^^^^^\n\ntests\\test_main_page.py:58: \n_ _ _ _ _ _ _ _ _ _ _ _ _ _ _ _ _ _ _ _ _ _ _ _ _ _ _ _ _ _ _ _ _ _ _ _ _ _ _ _ _ _ _ _ _ _ _ _ _ _ _ _ _ _ _ _ _ _ _ _ _ _ _ _ _ _ _ _ _ _ _ _ _ _ _ _ _ _ _ _ _ _ _ _ _ _ _ _ _ _ _ _ _ _ _ _ _ _ _ _ _ _ _ _ _ _ _ _ _ _ _ _ _ _\n\nself = <pages.UIWorkerWeb object at 0x0000025053573C50>, timeout = 10\n\n    @allure.step('Получить номер заказа')\n    def get_order_id(self, timeout=10):\n        self.check_element_displayed(MainPageLocators.ORDER_ID)\n        start_time = time.time()\n        while True:\n            order_id = self.get_element_text(MainPageLocators.ORDER_ID)\n            if order_id != '9999':\n                return order_id\n            if time.time() - start_time > timeout:\n>               raise Exception(f'Order ID did not update from \"9999\" within {timeout} seconds.')\nE               Exception: Order ID did not update from \"9999\" within 10 seconds.\n\npages\\main_page.py:72: Exception"}, "steps": [{"name": "Добавить ингредиент в заказ", "status": "passed", "start": 1759620574141, "stop": 1759620574690}, {"name": "Кликнуть на кнопку \"Оформить заказ\"", "status": "passed", "start": 1759620574691, "stop": 1759620574755}, {"name": "Получить номер заказа", "status": "broken", "statusDetails": {"message": "Exception: Order ID did not update from \"9999\" within 10 seconds.\n", "trace": "  File \"C:\\Users\\Zdravcity-User\\ya-practicum\\Diplom\\Diplom_3\\.venv\\Lib\\site-packages\\allure_commons\\_allure.py\", line 202, in impl\n    return func(*a, **kw)\n  File \"C:\\Users\\Zdravcity-User\\ya-practicum\\Diplom\\Diplom_3\\pages\\main_page.py\", line 72, in get_order_id\n    raise Exception(f'Order ID did not update from \"9999\" within {timeout} seconds.')\n"}, "parameters": [{"name": "timeout", "value": "10"}], "start": 1759620574755, "stop": 1759620584767}], "parameters": [{"name": "driver", "value": "'firefox'"}], "start": 1759620574141, "stop": 1759620584768, "uuid": "383c90fd-ec90-4757-8225-138e42819e00", "historyId": "3f06e0085101fc0a436a64549d9ef51b", "testCaseId": "d1753ccba30592f56518d638a94c4cb0", "fullName": "tests.test_main_page.TestMainPage#test_successful_order", "labels": [{"name": "parentSuite", "value": "tests"}, {"name": "suite", "value": "test_main_page"}, {"name": "subSuite", "value": "TestMainPage"}, {"name": "host", "value": "DESKTOP-1UM8KQP"}, {"name": "thread", "value": "23004-MainThread"}, {"name": "framework", "value": "pytest"}, {"name": "language", "value": "cpython3"}, {"name": "package", "value": "tests.test_main_page"}], "titlePath": ["tests", "test_main_page.py", "TestMainPage"]}